<?xml version="1.0" encoding="UTF-8"?>
<!-- Generated by org.testng.reporters.JUnitReportReporter -->
<testsuite hostname="DESKTOP-TNI7Q4T" failures="0" tests="3" name="Authentication_TestCases.Logout" time="83.905" errors="0" timestamp="2025-09-22T11:29:42 EEST" skipped="0">
  <testcase classname="Authentication_TestCases.Logout" name="Logout" time="24.615"/>
  <testcase classname="Authentication_TestCases.Logout" name="Logout" time="29.905"/>
  <testcase classname="Authentication_TestCases.Logout" name="Logout" time="29.385"/>
</testsuite> <!-- Authentication_TestCases.Logout -->
