<?xml version="1.0" encoding="UTF-8"?>
<!-- Generated by org.testng.reporters.JUnitReportReporter -->
<testsuite hostname="DESKTOP-TNI7Q4T" failures="0" tests="3" name="Authentication_TestCases.ValidLogin" time="71.174" errors="0" timestamp="2025-09-22T11:29:42 EEST" skipped="0">
  <testcase classname="Authentication_TestCases.ValidLogin" name="ValidLogin" time="32.414"/>
  <testcase classname="Authentication_TestCases.ValidLogin" name="ValidLogin" time="18.608"/>
  <testcase classname="Authentication_TestCases.ValidLogin" name="ValidLogin" time="20.152"/>
</testsuite> <!-- Authentication_TestCases.ValidLogin -->
