<?xml version="1.0" encoding="UTF-8"?>
<!-- Generated by org.testng.reporters.JUnitReportReporter -->
<testsuite hostname="DESKTOP-TNI7Q4T" failures="0" tests="2" name="ScrollingHomePage_TestCases.ScrollingTestCases" time="45.022" errors="0" timestamp="2025-09-22T11:52:53 EEST" skipped="0">
  <testcase classname="ScrollingHomePage_TestCases.ScrollingTestCases" name="ScrollingUpWithButton_TC" time="10.282"/>
  <testcase classname="ScrollingHomePage_TestCases.ScrollingTestCases" name="ScrollingUpWithoutButton_TC" time="34.740"/>
</testsuite> <!-- ScrollingHomePage_TestCases.ScrollingTestCases -->
