<?xml version="1.0" encoding="UTF-8"?>
<!-- Generated by org.testng.reporters.JUnitReportReporter -->
<testsuite hostname="DESKTOP-TNI7Q4T" failures="0" tests="4" name="Miscellaneous_TestCases.Misc_TestCases" time="151.308" errors="0" timestamp="2025-09-22T11:52:53 EEST" skipped="0">
  <testcase classname="Miscellaneous_TestCases.Misc_TestCases" name="ContactUs_TestCase" time="16.331"/>
  <testcase classname="Miscellaneous_TestCases.Misc_TestCases" name="Subscription_CartPage" time="104.477"/>
  <testcase classname="Miscellaneous_TestCases.Misc_TestCases" name="TestCasePage" time="20.639"/>
  <testcase classname="Miscellaneous_TestCases.Misc_TestCases" name="Subscription_HomePage" time="9.861"/>
</testsuite> <!-- Miscellaneous_TestCases.Misc_TestCases -->
