<?xml version="1.0" encoding="UTF-8"?>
<!-- Generated by org.testng.reporters.JUnitReportReporter -->
<testsuite hostname="DESKTOP-TNI7Q4T" failures="0" tests="3" name="Authentication_TestCases.InvalidLogin" time="35.930" errors="0" timestamp="2025-09-22T11:29:42 EEST" skipped="0">
  <testcase classname="Authentication_TestCases.InvalidLogin" name="InvalidLogin" time="15.166"/>
  <testcase classname="Authentication_TestCases.InvalidLogin" name="InvalidLogin" time="9.698"/>
  <testcase classname="Authentication_TestCases.InvalidLogin" name="InvalidLogin" time="11.066"/>
</testsuite> <!-- Authentication_TestCases.InvalidLogin -->
