<?xml version="1.0" encoding="UTF-8"?>
<!-- Generated by org.testng.reporters.JUnitReportReporter -->
<testsuite hostname="DESKTOP-TNI7Q4T" failures="0" tests="3" name="Authentication_TestCases.ExistingEmailSignUp" time="89.557" errors="0" timestamp="2025-09-22T11:29:42 EEST" skipped="0">
  <testcase classname="Authentication_TestCases.ExistingEmailSignUp" name="ExistingEmailSignUp" time="27.343"/>
  <testcase classname="Authentication_TestCases.ExistingEmailSignUp" name="ExistingEmailSignUp" time="37.489"/>
  <testcase classname="Authentication_TestCases.ExistingEmailSignUp" name="ExistingEmailSignUp" time="24.725"/>
</testsuite> <!-- Authentication_TestCases.ExistingEmailSignUp -->
