<?xml version="1.0" encoding="UTF-8"?>
<!-- Generated by org.testng.reporters.JUnitReportReporter -->
<testsuite hostname="DESKTOP-TNI7Q4T" failures="0" tests="3" name="Authentication_TestCases.SignUp" time="168.084" errors="0" timestamp="2025-09-22T11:29:42 EEST" skipped="0">
  <testcase classname="Authentication_TestCases.SignUp" name="SignUpScenarios" time="65.022"/>
  <testcase classname="Authentication_TestCases.SignUp" name="SignUpScenarios" time="38.670"/>
  <testcase classname="Authentication_TestCases.SignUp" name="SignUpScenarios" time="64.392"/>
</testsuite> <!-- Authentication_TestCases.SignUp -->
