<?xml version="1.0" encoding="UTF-8"?>
<!-- Generated by org.testng.reporters.JUnitReportReporter -->
<testsuite hostname="DESKTOP-TNI7Q4T" failures="0" tests="1" name="Product_TestCases.AddProductsCart" time="14.980" errors="0" timestamp="2025-09-22T11:48:12 EEST" skipped="0">
  <testcase classname="Product_TestCases.AddProductsCart" name="AddProductsToCart" time="14.980"/>
</testsuite> <!-- Product_TestCases.AddProductsCart -->
